[2023-08-18 17:14:32,968] Open URL 'https://demo.guru99.com/v4/'
[2023-08-18 17:14:37,784] Open URL 'https://demo.guru99.com/v4/'
[2023-08-18 17:14:38,016] Open URL 'https://demo.guru99.com/v4/'
[2023-08-18 17:20:42,350] Step 01 - Open URL 'https://demo.guru99.com/v4/'
[2023-08-18 17:20:47,812] Step 02 - Input to USERID
[2023-08-18 17:20:48,136] Step 03 - Move to password textbox
[2023-08-18 17:21:55,147] Step 01 - Open URL 'https://demo.guru99.com/v4/'
[2023-08-18 17:22:00,800] Step 02 - Input to USERID
[2023-08-18 17:22:01,025] Step 03 - Move to password textbox
[2023-08-18 17:22:01,230] OS name = windows 10
[2023-08-18 17:22:01,230] Driver instance name = chromedriver: chrome on windows (901f7cc6174060e1a43c8a84d86ea22d)
[2023-08-18 17:24:51,021] Step 01 - Open URL 'https://demo.guru99.com/v4/'
[2023-08-18 17:24:55,464] Step 02 - Input to USERID
[2023-08-18 17:24:55,805] Step 03 - Move to password textbox
[2023-08-18 17:24:55,989] Step 04 - Verify 'Customer ID  must not blank' is displayed
[2023-08-18 17:24:56,333] OS name = windows 10
[2023-08-18 17:24:56,334] Driver instance name = chromedriver: chrome on windows (b7b67546405040440f034fc724eaf5ac)
[2023-08-18 17:52:40,353] Step 01 - Open URL 'https://demo.guru99.com/v4/'
[2023-08-18 17:52:45,968] Step 02 - Input to USERID value mngr522589
[2023-08-18 17:52:46,217] Step 03 - Input to Password value epEhEgY
[2023-08-18 17:52:46,371] Step 04 - Click to login button
[2023-08-18 17:52:47,373] Verify Login successfully
[2023-08-18 17:52:47,791] OS name = windows 10
[2023-08-18 17:52:47,792] Driver instance name = chromedriver: chrome on windows (2ae88ecb70cbe16217c26c956a93ec81)
